# JRE version: Java(TM) SE Runtime Environment (8.0_161-b12) (build 1.8.0_161-b12)
# Java VM: Java HotSpot(TM) 64-Bit Server VM (25.161-b12 mixed mode windows-amd64 compressed oops)
Heap:
 PSYoungGen      total 1137152K, used 505011K [0x0000000740700000, 0x000000079b900000, 0x00000007c0000000)
  eden space 1080832K, 43% used [0x0000000740700000,0x000000075d2c8410,0x0000000782680000)
  from space 56320K, 60% used [0x0000000782680000,0x00000007847e4868,0x0000000785d80000)
  to   space 57344K, 0% used [0x0000000798100000,0x0000000798100000,0x000000079b900000)
 ParOldGen       total 269312K, used 166659K [0x0000000641400000, 0x0000000651b00000, 0x0000000740700000)
  object space 269312K, 61% used [0x0000000641400000,0x000000064b6c0f60,0x0000000651b00000)
 Metaspace       used 40655K, capacity 41740K, committed 41984K, reserved 1087488K
  class space    used 4487K, capacity 4782K, committed 4864K, reserved 1048576K
GC Heap History (10 events):
Event: 76.027 GC heap before
{Heap before GC invocations=17 (full 2):
 PSYoungGen      total 669696K, used 614962K [0x0000000740700000, 0x000000076f600000, 0x00000007c0000000)
  eden space 610816K, 100% used [0x0000000740700000,0x0000000765b80000,0x0000000765b80000)
  from space 58880K, 7% used [0x0000000769680000,0x0000000769a8c8e8,0x000000076d000000)
  to   space 60416K, 0% used [0x0000000765b80000,0x0000000765b80000,0x0000000769680000)
 ParOldGen       total 269312K, used 123868K [0x0000000641400000, 0x0000000651b00000, 0x0000000740700000)
  object space 269312K, 45% used [0x0000000641400000,0x0000000648cf7130,0x0000000651b00000)
 Metaspace       used 40375K, capacity 41470K, committed 41728K, reserved 1085440K
  class space    used 4473K, capacity 4778K, committed 4864K, reserved 1048576K
Event: 76.067 GC heap after
Heap after GC invocations=17 (full 2):
 PSYoungGen      total 671232K, used 7152K [0x0000000740700000, 0x000000077b180000, 0x00000007c0000000)
  eden space 610816K, 0% used [0x0000000740700000,0x0000000740700000,0x0000000765b80000)
  from space 60416K, 11% used [0x0000000765b80000,0x000000076627c100,0x0000000769680000)
  to   space 60416K, 0% used [0x0000000777680000,0x0000000777680000,0x000000077b180000)
 ParOldGen       total 269312K, used 127292K [0x0000000641400000, 0x0000000651b00000, 0x0000000740700000)
  object space 269312K, 47% used [0x0000000641400000,0x000000064904f3c0,0x0000000651b00000)
 Metaspace       used 40375K, capacity 41470K, committed 41728K, reserved 1085440K
  class space    used 4473K, capacity 4778K, committed 4864K, reserved 1048576K
}
Event: 76.989 GC heap before
{Heap before GC invocations=18 (full 2):
 PSYoungGen      total 671232K, used 617968K [0x0000000740700000, 0x000000077b180000, 0x00000007c0000000)
  eden space 610816K, 100% used [0x0000000740700000,0x0000000765b80000,0x0000000765b80000)
  from space 60416K, 11% used [0x0000000765b80000,0x000000076627c100,0x0000000769680000)
  to   space 60416K, 0% used [0x0000000777680000,0x0000000777680000,0x000000077b180000)
 ParOldGen       total 269312K, used 127292K [0x0000000641400000, 0x0000000651b00000, 0x0000000740700000)
  object space 269312K, 47% used [0x0000000641400000,0x000000064904f3c0,0x0000000651b00000)
 Metaspace       used 40422K, capacity 41540K, committed 41728K, reserved 1085440K
  class space    used 4477K, capacity 4779K, committed 4864K, reserved 1048576K
Event: 77.012 GC heap after
Heap after GC invocations=18 (full 2):
 PSYoungGen      total 901120K, used 9328K [0x0000000740700000, 0x000000077bd80000, 0x00000007c0000000)
  eden space 840704K, 0% used [0x0000000740700000,0x0000000740700000,0x0000000773c00000)
  from space 60416K, 15% used [0x0000000777680000,0x0000000777f9c1d0,0x000000077b180000)
  to   space 59904K, 0% used [0x0000000773c00000,0x0000000773c00000,0x0000000777680000)
 ParOldGen       total 269312K, used 133618K [0x0000000641400000, 0x0000000651b00000, 0x0000000740700000)
  object space 269312K, 49% used [0x0000000641400000,0x000000064967c970,0x0000000651b00000)
 Metaspace       used 40422K, capacity 41540K, committed 41728K, reserved 1085440K
  class space    used 4477K, capacity 4779K, committed 4864K, reserved 1048576K
}
Event: 78.304 GC heap before
{Heap before GC invocations=19 (full 2):
 PSYoungGen      total 901120K, used 850032K [0x0000000740700000, 0x000000077bd80000, 0x00000007c0000000)
  eden space 840704K, 100% used [0x0000000740700000,0x0000000773c00000,0x0000000773c00000)
  from space 60416K, 15% used [0x0000000777680000,0x0000000777f9c1d0,0x000000077b180000)
  to   space 59904K, 0% used [0x0000000773c00000,0x0000000773c00000,0x0000000777680000)
 ParOldGen       total 269312K, used 133618K [0x0000000641400000, 0x0000000651b00000, 0x0000000740700000)
  object space 269312K, 49% used [0x0000000641400000,0x000000064967c970,0x0000000651b00000)
 Metaspace       used 40465K, capacity 41546K, committed 41728K, reserved 1085440K
  class space    used 4477K, capacity 4780K, committed 4864K, reserved 1048576K
Event: 78.349 GC heap after
Heap after GC invocations=19 (full 2):
 PSYoungGen      total 900608K, used 14000K [0x0000000740700000, 0x0000000789600000, 0x00000007c0000000)
  eden space 840704K, 0% used [0x0000000740700000,0x0000000740700000,0x0000000773c00000)
  from space 59904K, 23% used [0x0000000773c00000,0x00000007749ac240,0x0000000777680000)
  to   space 57856K, 0% used [0x0000000785d80000,0x0000000785d80000,0x0000000789600000)
 ParOldGen       total 269312K, used 141515K [0x0000000641400000, 0x0000000651b00000, 0x0000000740700000)
  object space 269312K, 52% used [0x0000000641400000,0x0000000649e32de0,0x0000000651b00000)
 Metaspace       used 40465K, capacity 41546K, committed 41728K, reserved 1085440K
  class space    used 4477K, capacity 4780K, committed 4864K, reserved 1048576K
}
Event: 79.829 GC heap before
{Heap before GC invocations=20 (full 2):
 PSYoungGen      total 900608K, used 854704K [0x0000000740700000, 0x0000000789600000, 0x00000007c0000000)
  eden space 840704K, 100% used [0x0000000740700000,0x0000000773c00000,0x0000000773c00000)
  from space 59904K, 23% used [0x0000000773c00000,0x00000007749ac240,0x0000000777680000)
  to   space 57856K, 0% used [0x0000000785d80000,0x0000000785d80000,0x0000000789600000)
 ParOldGen       total 269312K, used 141515K [0x0000000641400000, 0x0000000651b00000, 0x0000000740700000)
  object space 269312K, 52% used [0x0000000641400000,0x0000000649e32de0,0x0000000651b00000)
 Metaspace       used 40500K, capacity 41610K, committed 41984K, reserved 1087488K
  class space    used 4477K, capacity 4780K, committed 4864K, reserved 1048576K
Event: 79.870 GC heap after
Heap after GC invocations=20 (full 2):
 PSYoungGen      total 1138688K, used 11792K [0x0000000740700000, 0x0000000789800000, 0x00000007c0000000)
  eden space 1080832K, 0% used [0x0000000740700000,0x0000000740700000,0x0000000782680000)
  from space 57856K, 20% used [0x0000000785d80000,0x0000000786904230,0x0000000789600000)
  to   space 56320K, 0% used [0x0000000782680000,0x0000000782680000,0x0000000785d80000)
 ParOldGen       total 269312K, used 155245K [0x0000000641400000, 0x0000000651b00000, 0x0000000740700000)
  object space 269312K, 57% used [0x0000000641400000,0x000000064ab9b6b0,0x0000000651b00000)
 Metaspace       used 40500K, capacity 41610K, committed 41984K, reserved 1087488K
  class space    used 4477K, capacity 4780K, committed 4864K, reserved 1048576K
}
Event: 86.314 GC heap before
{Heap before GC invocations=21 (full 2):
 PSYoungGen      total 1138688K, used 1092624K [0x0000000740700000, 0x0000000789800000, 0x00000007c0000000)
  eden space 1080832K, 100% used [0x0000000740700000,0x0000000782680000,0x0000000782680000)
  from space 57856K, 20% used [0x0000000785d80000,0x0000000786904230,0x0000000789600000)
  to   space 56320K, 0% used [0x0000000782680000,0x0000000782680000,0x0000000785d80000)
 ParOldGen       total 269312K, used 155245K [0x0000000641400000, 0x0000000651b00000, 0x0000000740700000)
  object space 269312K, 57% used [0x0000000641400000,0x000000064ab9b6b0,0x0000000651b00000)
 Metaspace       used 40522K, capacity 41612K, committed 41984K, reserved 1087488K
  class space    used 4479K, capacity 4782K, committed 4864K, reserved 1048576K
Event: 86.365 GC heap after
Heap after GC invocations=21 (full 2):
 PSYoungGen      total 1137152K, used 34194K [0x0000000740700000, 0x000000079b900000, 0x00000007c0000000)
  eden space 1080832K, 0% used [0x0000000740700000,0x0000000740700000,0x0000000782680000)
  from space 56320K, 60% used [0x0000000782680000,0x00000007847e4868,0x0000000785d80000)
  to   space 57344K, 0% used [0x0000000798100000,0x0000000798100000,0x000000079b900000)
 ParOldGen       total 269312K, used 166659K [0x0000000641400000, 0x0000000651b00000, 0x0000000740700000)
  object space 269312K, 61% used [0x0000000641400000,0x000000064b6c0f60,0x0000000651b00000)
 Metaspace       used 40522K, capacity 41612K, committed 41984K, reserved 1087488K
  class space    used 4479K, capacity 4782K, committed 4864K, reserved 1048576K
}

